<?xml version="1.0" encoding="UTF-8"?>
<testsuite name="Tests" tests="1" skipped="0" failures="0" errors="0" timestamp="2023-01-11T21:34:56" hostname="DESKTOP-AG8QKJE" time="0.585">
  <properties/>
  <testcase name="start" classname="Tests" time="0.585"/>
  <system-out><![CDATA[?[1;31m
Start test 1?[0m
Enter your name:
> Bob
Hello, Bob
> 
Okay, let's start
> rock
Sorry, but the computer chose paper
> paper
Well done. The computer chose rock and failed
> scissors
Well done. The computer chose paper and failed
> paper
Sorry, but the computer chose scissors
> scissors
Well done. The computer chose paper and failed
> rock
There is a draw rock
> paper
Well done. The computer chose rock and failed
> scissors
Sorry, but the computer chose rock
> !exit
Bye!
?[1;31m
Start test 2?[0m
Enter your name:
> Bob
Hello, Bob
> 
Okay, let's start
> scissors
Well done. The computer chose paper and failed
> scissors
Well done. The computer chose paper and failed
> scissors
Sorry, but the computer chose rock
> !exit
Bye!
?[1;31m
Start test 3?[0m
Enter your name:
> Bob
Hello, Bob
> 
Okay, let's start
> rock
Well done. The computer chose scissors and failed
> paper
There is a draw paper
> paper
There is a draw paper
> scissors
There is a draw scissors
> blabla
Invalid input
> !exit
Bye!
?[1;31m
Start test 4?[0m
Enter your name:
> Bob
Hello, Bob
> 
Okay, let's start
> rock
Sorry, but the computer chose paper
> invalid
Invalid input
> !exit
Bye!
?[1;31m
Start test 5?[0m
Enter your name:
> Bob
Hello, Bob
> 
Okay, let's start
> rock
There is a draw rock
> rock
Sorry, but the computer chose paper
> rock
Sorry, but the computer chose paper
> rock-n-roll
Invalid input
> !exit
Bye!
?[1;31m
Start test 6?[0m
Enter your name:
> Bob
Hello, Bob
> 
Okay, let's start
> rock
Sorry, but the computer chose paper
> rock
Sorry, but the computer chose paper
> rock
Sorry, but the computer chose paper
> rock
There is a draw rock
> rock
Sorry, but the computer chose paper
> rock
Well done. The computer chose scissors and failed
> rock
Well done. The computer chose scissors and failed
> rock
Well done. The computer chose scissors and failed
> rock
Sorry, but the computer chose paper
> rock
There is a draw rock
> rock
Sorry, but the computer chose paper
> rock
Sorry, but the computer chose paper
> rock
There is a draw rock
> rock
Sorry, but the computer chose paper
> rock
Well done. The computer chose scissors and failed
> rock
Well done. The computer chose scissors and failed
> rock
There is a draw rock
> rock
There is a draw rock
> rock
Sorry, but the computer chose paper
> rock
Sorry, but the computer chose paper
> rock
Sorry, but the computer chose paper
> rock
There is a draw rock
> rock
Well done. The computer chose scissors and failed
> rock
Well done. The computer chose scissors and failed
> rock
Sorry, but the computer chose paper
> rock
Well done. The computer chose scissors and failed
> rock
Well done. The computer chose scissors and failed
> rock
There is a draw rock
> rock
There is a draw rock
> rock
There is a draw rock
> rock
Sorry, but the computer chose paper
> rock
Sorry, but the computer chose paper
> rock
There is a draw rock
> rock
There is a draw rock
> rock
There is a draw rock
> rock
There is a draw rock
> rock
Sorry, but the computer chose paper
> rock
Well done. The computer chose scissors and failed
> rock
Sorry, but the computer chose paper
> rock
Sorry, but the computer chose paper
> rock
Well done. The computer chose scissors and failed
> rock
Sorry, but the computer chose paper
> rock
Well done. The computer chose scissors and failed
> rock
There is a draw rock
> rock
Well done. The computer chose scissors and failed
> rock
Sorry, but the computer chose paper
> rock
Sorry, but the computer chose paper
> rock
There is a draw rock
> rock
Well done. The computer chose scissors and failed
> rock
Sorry, but the computer chose paper
> rock
Sorry, but the computer chose paper
> rock
There is a draw rock
> rock
Well done. The computer chose scissors and failed
> rock
Sorry, but the computer chose paper
> rock
Sorry, but the computer chose paper
> rock
Well done. The computer chose scissors and failed
> rock
Sorry, but the computer chose paper
> rock
Well done. The computer chose scissors and failed
> rock
Sorry, but the computer chose paper
> rock
Sorry, but the computer chose paper
> rock
Sorry, but the computer chose paper
> rock
Well done. The computer chose scissors and failed
> rock
There is a draw rock
> rock
Well done. The computer chose scissors and failed
> rock
There is a draw rock
> rock
Well done. The computer chose scissors and failed
> rock
There is a draw rock
> rock
There is a draw rock
> rock
There is a draw rock
> rock
There is a draw rock
> rock
Well done. The computer chose scissors and failed
> rock
Well done. The computer chose scissors and failed
> rock
Sorry, but the computer chose paper
> rock
Sorry, but the computer chose paper
> rock
There is a draw rock
> rock
Well done. The computer chose scissors and failed
> rock
Well done. The computer chose scissors and failed
> rock
Sorry, but the computer chose paper
> rock
There is a draw rock
> rock
There is a draw rock
> rock
There is a draw rock
> rock
Well done. The computer chose scissors and failed
> rock
Well done. The computer chose scissors and failed
> rock
There is a draw rock
> rock
Well done. The computer chose scissors and failed
> rock
There is a draw rock
> rock
There is a draw rock
> rock
Sorry, but the computer chose paper
> rock
Sorry, but the computer chose paper
> rock
Sorry, but the computer chose paper
> rock
Well done. The computer chose scissors and failed
> rock
There is a draw rock
> rock
There is a draw rock
> rock
Sorry, but the computer chose paper
> rock
Sorry, but the computer chose paper
> rock
Sorry, but the computer chose paper
> rock
Well done. The computer chose scissors and failed
> rock
Well done. The computer chose scissors and failed
> rock
Well done. The computer chose scissors and failed
> rock
There is a draw rock
> !exit
Bye!
?[1;31m
Start test 7?[0m
Enter your name:
> Bob
Hello, Bob
> 
Okay, let's start
> rock
Well done. The computer chose scissors and failed
> rock
There is a draw rock
> rock
Sorry, but the computer chose paper
> rock
There is a draw rock
> rock
There is a draw rock
> rock
Sorry, but the computer chose paper
> rock
Sorry, but the computer chose paper
> rock
Well done. The computer chose scissors and failed
> rock
Well done. The computer chose scissors and failed
> rock
Well done. The computer chose scissors and failed
> rock
Sorry, but the computer chose paper
> rock
There is a draw rock
> rock
There is a draw rock
> rock
There is a draw rock
> rock
Sorry, but the computer chose paper
> rock
Well done. The computer chose scissors and failed
> rock
There is a draw rock
> rock
Well done. The computer chose scissors and failed
> rock
Sorry, but the computer chose paper
> rock
There is a draw rock
> rock
Sorry, but the computer chose paper
> rock
Well done. The computer chose scissors and failed
> rock
There is a draw rock
> rock
There is a draw rock
> rock
Well done. The computer chose scissors and failed
> rock
There is a draw rock
> rock
Sorry, but the computer chose paper
> rock
There is a draw rock
> rock
Sorry, but the computer chose paper
> rock
There is a draw rock
> rock
There is a draw rock
> rock
Well done. The computer chose scissors and failed
> rock
Well done. The computer chose scissors and failed
> rock
Sorry, but the computer chose paper
> rock
Sorry, but the computer chose paper
> rock
Sorry, but the computer chose paper
> rock
Sorry, but the computer chose paper
> rock
Well done. The computer chose scissors and failed
> rock
Sorry, but the computer chose paper
> rock
There is a draw rock
> rock
Well done. The computer chose scissors and failed
> rock
Well done. The computer chose scissors and failed
> rock
Sorry, but the computer chose paper
> rock
Well done. The computer chose scissors and failed
> rock
Well done. The computer chose scissors and failed
> rock
Well done. The computer chose scissors and failed
> rock
Well done. The computer chose scissors and failed
> rock
There is a draw rock
> rock
Well done. The computer chose scissors and failed
> rock
Sorry, but the computer chose paper
> rock
There is a draw rock
> rock
There is a draw rock
> rock
There is a draw rock
> rock
Sorry, but the computer chose paper
> rock
Well done. The computer chose scissors and failed
> rock
Sorry, but the computer chose paper
> rock
There is a draw rock
> rock
There is a draw rock
> rock
There is a draw rock
> rock
There is a draw rock
> rock
Well done. The computer chose scissors and failed
> rock
Sorry, but the computer chose paper
> rock
Well done. The computer chose scissors and failed
> rock
Sorry, but the computer chose paper
> rock
Sorry, but the computer chose paper
> rock
Well done. The computer chose scissors and failed
> rock
Well done. The computer chose scissors and failed
> rock
Well done. The computer chose scissors and failed
> rock
Sorry, but the computer chose paper
> rock
Well done. The computer chose scissors and failed
> rock
Sorry, but the computer chose paper
> rock
There is a draw rock
> rock
Sorry, but the computer chose paper
> rock
There is a draw rock
> rock
Well done. The computer chose scissors and failed
> rock
Sorry, but the computer chose paper
> rock
Sorry, but the computer chose paper
> rock
Well done. The computer chose scissors and failed
> rock
There is a draw rock
> rock
Well done. The computer chose scissors and failed
> rock
Sorry, but the computer chose paper
> rock
Well done. The computer chose scissors and failed
> rock
There is a draw rock
> rock
Well done. The computer chose scissors and failed
> rock
Well done. The computer chose scissors and failed
> rock
Well done. The computer chose scissors and failed
> rock
Well done. The computer chose scissors and failed
> rock
Sorry, but the computer chose paper
> rock
Sorry, but the computer chose paper
> rock
There is a draw rock
> rock
There is a draw rock
> rock
There is a draw rock
> rock
There is a draw rock
> rock
Well done. The computer chose scissors and failed
> rock
Sorry, but the computer chose paper
> rock
Well done. The computer chose scissors and failed
> rock
There is a draw rock
> rock
Sorry, but the computer chose paper
> rock
Well done. The computer chose scissors and failed
> !rating
Your rating: 5550
> !exit
Bye!
?[1;31m
Start test 8?[0m
Enter your name:
> Bob
Hello, Bob
> rock,gun,lightning,devil,dragon,water,air,paper,sponge,wolf,tree,human,snake,scissors,fire
Okay, let's start
> paper
There is a draw paper
> gun
There is a draw gun
> lightning
There is a draw lightning
> fire
There is a draw fire
> devil
There is a draw devil
> paper
There is a draw paper
> gun
There is a draw gun
> snake
There is a draw snake
> human
There is a draw human
> water
There is a draw water
> sponge
There is a draw sponge
> tree
There is a draw tree
> sponge
There is a draw sponge
> sponge
There is a draw sponge
> tree
There is a draw tree
> air
There is a draw air
> water
There is a draw water
> air
There is a draw air
> snake
There is a draw snake
> paper
Sorry, but the computer chose scissors
> !rating
Your rating: 1300
> !exit
Bye!
]]></system-out>
  <system-err><![CDATA[]]></system-err>
</testsuite>
